<?xml version="1.0" encoding="UTF-8"?>
<testsuite xmlns:xsi="http://www.w3.org/2001/XMLSchema-instance" xsi:noNamespaceSchemaLocation="https://maven.apache.org/surefire/maven-surefire-plugin/xsd/surefire-test-report-3.0.xsd" version="3.0" name="com.ejemplo.demo.api.controller.SaludoControllerTest" time="8.723" tests="3" errors="0" skipped="0" failures="0">
  <properties>
[...]
</properties>
  <testcase name="debeResponderSaludoCorrecto" classname="com.ejemplo.demo.api.controller.SaludoControllerTest" time="0.784">
    <system-out><![CDATA[20:07:51.501 [main] INFO org.springframework.test.context.support.AnnotationConfigContextLoaderUtils -- Could not detect default configuration classes for test class [com.ejemplo.demo.api.controller.SaludoControllerTest]: SaludoControllerTest does not declare any static, non-private, non-final, nested classes annotated with @Configuration.
20:07:51.851 [main] INFO org.springframework.boot.test.context.SpringBootTestContextBootstrapper -- Found @SpringBootConfiguration com.ejemplo.demo.SpringbootApiDemoApplication for test class com.ejemplo.demo.api.controller.SaludoControllerTest

  .   ____          _            __ _ _
 /\\ / ___'_ __ _ _(_)_ __  __ _ \ \ \ \
( ( )\___ | '_ | '_| | '_ \/ _` | \ \ \ \
 \\/  ___)| |_)| | | | | || (_| |  ) ) ) )
  '  |____| .__|_| |_|_| |_\__, | / / / /
 =========|_|==============|___/=/_/_/_/

 :: Spring Boot ::                (v3.3.5)

2026-03-30T20:07:52.675-06:00  INFO 30464 --- [springboot-api-demo] [           main] c.e.d.a.controller.SaludoControllerTest  : Starting SaludoControllerTest using Java 17.0.12 with PID 30464 (started by USUARIO in C:\Users\USUARIO\Downloads\springboot-api-demo-progra3-main)
2026-03-30T20:07:52.677-06:00  INFO 30464 --- [springboot-api-demo] [           main] c.e.d.a.controller.SaludoControllerTest  : No active profile set, falling back to 1 default profile: "default"
2026-03-30T20:07:58.249-06:00  INFO 30464 --- [springboot-api-demo] [           main] o.s.b.t.m.w.SpringBootMockServletContext : Initializing Spring TestDispatcherServlet ''
2026-03-30T20:07:58.250-06:00  INFO 30464 --- [springboot-api-demo] [           main] o.s.t.web.servlet.TestDispatcherServlet  : Initializing Servlet ''
2026-03-30T20:07:58.260-06:00  INFO 30464 --- [springboot-api-demo] [           main] o.s.t.web.servlet.TestDispatcherServlet  : Completed initialization in 3 ms
2026-03-30T20:07:58.394-06:00  INFO 30464 --- [springboot-api-demo] [           main] c.e.d.a.controller.SaludoControllerTest  : Started SaludoControllerTest in 6.379 seconds (process running for 8.733)
]]></system-out>
  </testcase>
  <testcase name="debeRetornarErrorValidacion" classname="com.ejemplo.demo.api.controller.SaludoControllerTest" time="0.439"/>
  <testcase name="debeResponderHealthDelWorkshop" classname="com.ejemplo.demo.api.controller.SaludoControllerTest" time="0.012"/>
</testsuite>